17-Jun-2019 16:49:52.373 INFO [main] org.apache.catalina.startup.VersionLoggerListener.log Server version:        Apache Tomcat/8.5.42
17-Jun-2019 16:49:52.383 INFO [main] org.apache.catalina.startup.VersionLoggerListener.log Server built:          Jun 4 2019 20:29:04 UTC
17-Jun-2019 16:49:52.383 INFO [main] org.apache.catalina.startup.VersionLoggerListener.log Server number:         8.5.42.0
17-Jun-2019 16:49:52.384 INFO [main] org.apache.catalina.startup.VersionLoggerListener.log OS Name:               Windows 7
17-Jun-2019 16:49:52.384 INFO [main] org.apache.catalina.startup.VersionLoggerListener.log OS Version:            6.1
17-Jun-2019 16:49:52.384 INFO [main] org.apache.catalina.startup.VersionLoggerListener.log Architecture:          amd64
17-Jun-2019 16:49:52.384 INFO [main] org.apache.catalina.startup.VersionLoggerListener.log Java Home:             C:\Program Files\Java\jdk1.8.0_131\jre
17-Jun-2019 16:49:52.385 INFO [main] org.apache.catalina.startup.VersionLoggerListener.log JVM Version:           1.8.0_131-b11
17-Jun-2019 16:49:52.385 INFO [main] org.apache.catalina.startup.VersionLoggerListener.log JVM Vendor:            Oracle Corporation
17-Jun-2019 16:49:52.385 INFO [main] org.apache.catalina.startup.VersionLoggerListener.log CATALINA_BASE:         D:\Krishnan_Maven\apache-tomcat-8.5.42
17-Jun-2019 16:49:52.385 INFO [main] org.apache.catalina.startup.VersionLoggerListener.log CATALINA_HOME:         D:\Krishnan_Maven\apache-tomcat-8.5.42
17-Jun-2019 16:49:52.385 INFO [main] org.apache.catalina.startup.VersionLoggerListener.log Command line argument: -Djava.util.logging.config.file=D:\Krishnan_Maven\apache-tomcat-8.5.42\conf\logging.properties
17-Jun-2019 16:49:52.386 INFO [main] org.apache.catalina.startup.VersionLoggerListener.log Command line argument: -Djava.util.logging.manager=org.apache.juli.ClassLoaderLogManager
17-Jun-2019 16:49:52.386 INFO [main] org.apache.catalina.startup.VersionLoggerListener.log Command line argument: -Djdk.tls.ephemeralDHKeySize=2048
17-Jun-2019 16:49:52.389 INFO [main] org.apache.catalina.startup.VersionLoggerListener.log Command line argument: -Djava.protocol.handler.pkgs=org.apache.catalina.webresources
17-Jun-2019 16:49:52.389 INFO [main] org.apache.catalina.startup.VersionLoggerListener.log Command line argument: -Dignore.endorsed.dirs=
17-Jun-2019 16:49:52.389 INFO [main] org.apache.catalina.startup.VersionLoggerListener.log Command line argument: -Dcatalina.base=D:\Krishnan_Maven\apache-tomcat-8.5.42
17-Jun-2019 16:49:52.390 INFO [main] org.apache.catalina.startup.VersionLoggerListener.log Command line argument: -Dcatalina.home=D:\Krishnan_Maven\apache-tomcat-8.5.42
17-Jun-2019 16:49:52.390 INFO [main] org.apache.catalina.startup.VersionLoggerListener.log Command line argument: -Djava.io.tmpdir=D:\Krishnan_Maven\apache-tomcat-8.5.42\temp
17-Jun-2019 16:49:52.391 INFO [main] org.apache.catalina.core.AprLifecycleListener.lifecycleEvent Loaded APR based Apache Tomcat Native library [1.2.21] using APR version [1.6.5].
17-Jun-2019 16:49:52.392 INFO [main] org.apache.catalina.core.AprLifecycleListener.lifecycleEvent APR capabilities: IPv6 [true], sendfile [true], accept filters [false], random [true].
17-Jun-2019 16:49:52.392 INFO [main] org.apache.catalina.core.AprLifecycleListener.lifecycleEvent APR/OpenSSL configuration: useAprConnector [false], useOpenSSL [true]
17-Jun-2019 16:49:52.476 INFO [main] org.apache.catalina.core.AprLifecycleListener.initializeSSL OpenSSL successfully initialized [OpenSSL 1.1.1a  20 Nov 2018]
17-Jun-2019 16:49:53.088 INFO [main] org.apache.coyote.AbstractProtocol.init Initializing ProtocolHandler ["http-nio-8080"]
17-Jun-2019 16:49:53.389 INFO [main] org.apache.tomcat.util.net.NioSelectorPool.getSharedSelector Using a shared selector for servlet write/read
17-Jun-2019 16:49:53.442 INFO [main] org.apache.coyote.AbstractProtocol.init Initializing ProtocolHandler ["ajp-nio-8009"]
17-Jun-2019 16:49:53.445 INFO [main] org.apache.tomcat.util.net.NioSelectorPool.getSharedSelector Using a shared selector for servlet write/read
17-Jun-2019 16:49:53.447 INFO [main] org.apache.catalina.startup.Catalina.load Initialization processed in 17654 ms
17-Jun-2019 16:49:53.561 INFO [main] org.apache.catalina.core.StandardService.startInternal Starting service [Catalina]
17-Jun-2019 16:49:53.565 INFO [main] org.apache.catalina.core.StandardEngine.startInternal Starting Servlet Engine: Apache Tomcat/8.5.42
17-Jun-2019 16:49:53.688 INFO [localhost-startStop-1] org.apache.catalina.startup.HostConfig.deployDirectory Deploying web application directory [D:\Krishnan_Maven\apache-tomcat-8.5.42\webapps\docs]
17-Jun-2019 16:49:54.943 INFO [localhost-startStop-1] org.apache.catalina.startup.HostConfig.deployDirectory Deployment of web application directory [D:\Krishnan_Maven\apache-tomcat-8.5.42\webapps\docs] has finished in [1,232] ms
17-Jun-2019 16:49:54.944 INFO [localhost-startStop-1] org.apache.catalina.startup.HostConfig.deployDirectory Deploying web application directory [D:\Krishnan_Maven\apache-tomcat-8.5.42\webapps\examples]
17-Jun-2019 16:49:55.691 INFO [localhost-startStop-1] org.apache.catalina.startup.HostConfig.deployDirectory Deployment of web application directory [D:\Krishnan_Maven\apache-tomcat-8.5.42\webapps\examples] has finished in [747] ms
17-Jun-2019 16:49:55.692 INFO [localhost-startStop-1] org.apache.catalina.startup.HostConfig.deployDirectory Deploying web application directory [D:\Krishnan_Maven\apache-tomcat-8.5.42\webapps\host-manager]
17-Jun-2019 16:49:55.877 INFO [localhost-startStop-1] org.apache.catalina.startup.HostConfig.deployDirectory Deployment of web application directory [D:\Krishnan_Maven\apache-tomcat-8.5.42\webapps\host-manager] has finished in [185] ms
17-Jun-2019 16:49:55.878 INFO [localhost-startStop-1] org.apache.catalina.startup.HostConfig.deployDirectory Deploying web application directory [D:\Krishnan_Maven\apache-tomcat-8.5.42\webapps\manager]
17-Jun-2019 16:49:55.953 INFO [localhost-startStop-1] org.apache.catalina.startup.HostConfig.deployDirectory Deployment of web application directory [D:\Krishnan_Maven\apache-tomcat-8.5.42\webapps\manager] has finished in [75] ms
17-Jun-2019 16:49:55.954 INFO [localhost-startStop-1] org.apache.catalina.startup.HostConfig.deployDirectory Deploying web application directory [D:\Krishnan_Maven\apache-tomcat-8.5.42\webapps\ROOT]
17-Jun-2019 16:49:56.125 INFO [localhost-startStop-1] org.apache.catalina.startup.HostConfig.deployDirectory Deployment of web application directory [D:\Krishnan_Maven\apache-tomcat-8.5.42\webapps\ROOT] has finished in [171] ms
17-Jun-2019 16:49:56.132 INFO [main] org.apache.coyote.AbstractProtocol.start Starting ProtocolHandler ["http-nio-8080"]
17-Jun-2019 16:49:56.290 INFO [main] org.apache.coyote.AbstractProtocol.start Starting ProtocolHandler ["ajp-nio-8009"]
17-Jun-2019 16:49:56.294 INFO [main] org.apache.catalina.startup.Catalina.start Server startup in 2847 ms
17-Jun-2019 16:51:36.714 SEVERE [ajp-nio-8009-exec-10] org.apache.coyote.ajp.AjpMessage.processHeader Invalid message received with signature [18245]
17-Jun-2019 16:51:37.757 SEVERE [ajp-nio-8009-exec-7] org.apache.coyote.ajp.AjpMessage.processHeader Invalid message received with signature [18245]
17-Jun-2019 16:51:37.760 SEVERE [ajp-nio-8009-exec-8] org.apache.coyote.ajp.AjpMessage.processHeader Invalid message received with signature [18245]
17-Jun-2019 16:51:37.768 SEVERE [ajp-nio-8009-exec-4] org.apache.coyote.ajp.AjpMessage.processHeader Invalid message received with signature [18245]
17-Jun-2019 16:51:39.259 SEVERE [ajp-nio-8009-exec-3] org.apache.coyote.ajp.AjpMessage.processHeader Invalid message received with signature [18245]
17-Jun-2019 16:51:39.262 SEVERE [ajp-nio-8009-exec-1] org.apache.coyote.ajp.AjpMessage.processHeader Invalid message received with signature [18245]
17-Jun-2019 16:51:39.271 SEVERE [ajp-nio-8009-exec-2] org.apache.coyote.ajp.AjpMessage.processHeader Invalid message received with signature [18245]
17-Jun-2019 16:51:44.327 SEVERE [ajp-nio-8009-exec-5] org.apache.coyote.ajp.AjpMessage.processHeader Invalid message received with signature [18245]
17-Jun-2019 16:51:44.333 SEVERE [ajp-nio-8009-exec-6] org.apache.coyote.ajp.AjpMessage.processHeader Invalid message received with signature [18245]
17-Jun-2019 16:51:44.340 SEVERE [ajp-nio-8009-exec-9] org.apache.coyote.ajp.AjpMessage.processHeader Invalid message received with signature [18245]
17-Jun-2019 16:56:45.130 INFO [Thread-5] org.apache.coyote.AbstractProtocol.pause Pausing ProtocolHandler ["http-nio-8080"]
